<?xml version="1.0" encoding="UTF-8"?>
<testsuite name="censusanalyser.CensusAnalyserTest" tests="1" skipped="0" failures="0" errors="0" timestamp="2020-08-18T17:15:00" hostname="SUJITGARGATE" time="0.985">
  <properties/>
  <testcase name="givenIndianCensusCSVFileReturnsCorrectRecords" classname="censusanalyser.CensusAnalyserTest" time="0.985"/>
  <system-out><![CDATA[sujisssstsujitcom.opencsv.bean.CsvToBeanBuilder@36f87fcf
sujitsujitcom.opencsv.bean.CsvToBeanBuilder@36f87fcf
]]></system-out>
  <system-err><![CDATA[]]></system-err>
</testsuite>
