<?xml version="1.0" encoding="UTF-8"?>
<testsuite name="censusanalyser.CensusAnalyserTest" tests="10" skipped="0" failures="0" errors="0" timestamp="2020-08-21T04:02:15" hostname="SUJITGARGATE" time="1.132">
  <properties/>
  <testcase name="givenIndiaStateCode_WhenDelimiterIncorrect_ShouldThrowException" classname="censusanalyser.CensusAnalyserTest" time="0.77"/>
  <testcase name="givenIndianCensusCSVFileReturnsCorrectRecords" classname="censusanalyser.CensusAnalyserTest" time="0.1"/>
  <testcase name="givenIndiaCensusData_WhenHeaderIncorrect_ShouldThrowException" classname="censusanalyser.CensusAnalyserTest" time="0.048"/>
  <testcase name="givenIndiaStateCode_WhenHeaderIncorrect_ShouldThrowException" classname="censusanalyser.CensusAnalyserTest" time="0.024"/>
  <testcase name="givenIndiaStateCode_WithWrongFile_ShouldThrowException" classname="censusanalyser.CensusAnalyserTest" time="0.003"/>
  <testcase name="givenIndiaStateCode_WhenWrongType_ShouldThrowException" classname="censusanalyser.CensusAnalyserTest" time="0.029"/>
  <testcase name="givenIndianStateCodeCSVFileReturnsCorrectRecords" classname="censusanalyser.CensusAnalyserTest" time="0.029"/>
  <testcase name="givenIndiaCensusData_WithWrongFile_ShouldThrowException" classname="censusanalyser.CensusAnalyserTest" time="0.001"/>
  <testcase name="givenIndiaCensusData_WhenDelimiterIncorrect_ShouldThrowException" classname="censusanalyser.CensusAnalyserTest" time="0.079"/>
  <testcase name="givenIndiaCensusData_WhenWrongType_ShouldThrowException" classname="censusanalyser.CensusAnalyserTest" time="0.036"/>
  <system-out><![CDATA[]]></system-out>
  <system-err><![CDATA[]]></system-err>
</testsuite>
