<?xml version="1.0" encoding="UTF-8"?>
<testsuite name="censusanalyser.CensusAnalyserTest" tests="10" skipped="0" failures="0" errors="0" timestamp="2020-08-21T08:10:40" hostname="SUJITGARGATE" time="0.712">
  <properties/>
  <testcase name="givenIndiaStateCode_WhenDelimiterIncorrect_ShouldThrowException" classname="censusanalyser.CensusAnalyserTest" time="0.426"/>
  <testcase name="givenIndianCensusCSVFileReturnsCorrectRecords" classname="censusanalyser.CensusAnalyserTest" time="0.081"/>
  <testcase name="givenIndiaCensusData_WhenHeaderIncorrect_ShouldThrowException" classname="censusanalyser.CensusAnalyserTest" time="0.032"/>
  <testcase name="givenIndiaStateCode_WhenHeaderIncorrect_ShouldThrowException" classname="censusanalyser.CensusAnalyserTest" time="0.019"/>
  <testcase name="givenIndiaStateCode_WithWrongFile_ShouldThrowException" classname="censusanalyser.CensusAnalyserTest" time="0.002"/>
  <testcase name="givenIndiaStateCode_WhenWrongType_ShouldThrowException" classname="censusanalyser.CensusAnalyserTest" time="0.036"/>
  <testcase name="givenIndianStateCodeCSVFileReturnsCorrectRecords" classname="censusanalyser.CensusAnalyserTest" time="0.038"/>
  <testcase name="givenIndiaCensusData_WithWrongFile_ShouldThrowException" classname="censusanalyser.CensusAnalyserTest" time="0.0"/>
  <testcase name="givenIndiaCensusData_WhenDelimiterIncorrect_ShouldThrowException" classname="censusanalyser.CensusAnalyserTest" time="0.032"/>
  <testcase name="givenIndiaCensusData_WhenWrongType_ShouldThrowException" classname="censusanalyser.CensusAnalyserTest" time="0.033"/>
  <system-out><![CDATA[]]></system-out>
  <system-err><![CDATA[]]></system-err>
</testsuite>
