<?xml version="1.0" encoding="UTF-8"?>
<testsuite name="censusanalyser.CensusAnalyserTest" tests="1" skipped="1" failures="0" errors="0" timestamp="2020-08-24T03:39:52" hostname="SUJITGARGATE" time="156.798">
  <properties/>
  <testcase name="givenIndiaStateCodeFile_whenSortedOnStateCode_shouldReturnSortedResult" classname="censusanalyser.CensusAnalyserTest" time="156.798">
    <skipped/>
  </testcase>
  <system-out><![CDATA[]]></system-out>
  <system-err><![CDATA[]]></system-err>
</testsuite>
