<?xml version="1.0" encoding="UTF-8"?>
<testsuite name="censusanalyser.CensusAnalyserTest" tests="1" skipped="0" failures="0" errors="0" timestamp="2020-08-24T15:14:31" hostname="SUJITGARGATE" time="0.255">
  <properties/>
  <testcase name="givenIndianCensusCSVFile_whenSortedOnPopulationDensity_shouldReturnSortedResult" classname="censusanalyser.CensusAnalyserTest" time="0.255"/>
  <system-out><![CDATA[104Times Sorting Has Done
]]></system-out>
  <system-err><![CDATA[]]></system-err>
</testsuite>
